nohup: ignoring input
2025-10-22T04:41:09Z INF Thank you for trying Cloudflare Tunnel. Doing so, without a Cloudflare account, is a quick way to experiment and try it out. However, be aware that these account-less Tunnels have no uptime guarantee. If you intend to use Tunnels in production you should use a pre-created named tunnel by following: https://developers.cloudflare.com/cloudflare-one/connections/connect-apps
2025-10-22T04:41:09Z INF Requesting new quick Tunnel on trycloudflare.com...
2025-10-22T04:41:13Z INF +--------------------------------------------------------------------------------------------+
2025-10-22T04:41:13Z INF |  Your quick Tunnel has been created! Visit it at (it may take some time to be reachable):  |
2025-10-22T04:41:13Z INF |  https://chapter-assumption-scholar-ireland.trycloudflare.com                              |
2025-10-22T04:41:13Z INF +--------------------------------------------------------------------------------------------+
2025-10-22T04:41:13Z INF Cannot determine default configuration path. No file [config.yml config.yaml] in [~/.cloudflared ~/.cloudflare-warp ~/cloudflare-warp /etc/cloudflared /usr/local/etc/cloudflared]
2025-10-22T04:41:13Z INF Version 2024.1.5
2025-10-22T04:41:13Z INF GOOS: linux, GOVersion: go1.21.5-devel-cf, GoArch: amd64
2025-10-22T04:41:13Z INF Settings: map[ha-connections:1 protocol:quic url:http://localhost:8080]
2025-10-22T04:41:13Z INF Generated Connector ID: 81e35001-9265-4b24-8bb6-a8aaa8887033
2025-10-22T04:41:13Z INF cloudflared will not automatically update if installed by a package manager.
2025-10-22T04:41:13Z INF Initial protocol quic
2025-10-22T04:41:13Z INF ICMP proxy will use 10.88.0.3 as source for IPv4
2025-10-22T04:41:13Z INF ICMP proxy will use :: as source for IPv6
2025-10-22T04:41:13Z WRN The user running cloudflared process has a GID (group ID) that is not within ping_group_range. You might need to add that user to a group within that range, or instead update the range to encompass a group the user is already in by modifying /proc/sys/net/ipv4/ping_group_range. Otherwise cloudflared will not be able to ping this network error="Group ID 1000 is not between ping group 65534 to 65534"
2025-10-22T04:41:13Z WRN ICMP proxy feature is disabled error="cannot create ICMPv4 proxy: Group ID 1000 is not between ping group 65534 to 65534 nor ICMPv6 proxy: socket: permission denied"
2025-10-22T04:41:13Z INF Starting metrics server on 127.0.0.1:33839/metrics
2025/10/22 04:41:13 failed to sufficiently increase receive buffer size (was: 208 kiB, wanted: 2048 kiB, got: 416 kiB). See https://github.com/quic-go/quic-go/wiki/UDP-Buffer-Sizes for details.
2025-10-22T04:41:13Z WRN Your version 2024.1.5 is outdated. We recommend upgrading it to 2025.10.0
2025-10-22T04:41:14Z INF Registered tunnel connection connIndex=0 connection=96d86d58-783d-4a4f-a4d2-1b279b05f733 event=0 ip=198.41.200.13 location=tpe01 protocol=quic
